<?xml version="1.0" encoding="UTF-8"?>
<testsuite xmlns:xsi="http://www.w3.org/2001/XMLSchema-instance" xsi:noNamespaceSchemaLocation="https://maven.apache.org/surefire/maven-surefire-plugin/xsd/surefire-test-report.xsd" name="com.myshop.configserver.myshopconfigserver.MyshopConfigServerApplicationTests" time="8.74" tests="1" errors="0" skipped="0" failures="0">
  <properties>
    <property name="sun.desktop" value="windows"/>
    <property name="awt.toolkit" value="sun.awt.windows.WToolkit"/>
    <property name="java.specification.version" value="12"/>
    <property name="sun.cpu.isalist" value="amd64"/>
    <property name="sun.jnu.encoding" value="Cp1252"/>
    <property name="java.class.path" value="D:\Dev\projets\myshop\myshop-config-server\target\test-classes;D:\Dev\projets\myshop\myshop-config-server\target\classes;D:\Dev\projets\.m2\org\springframework\cloud\spring-cloud-config-server\2.2.0.M3\spring-cloud-config-server-2.2.0.M3.jar;D:\Dev\projets\.m2\org\springframework\cloud\spring-cloud-config-client\2.2.0.M3\spring-cloud-config-client-2.2.0.M3.jar;D:\Dev\projets\.m2\org\springframework\cloud\spring-cloud-commons\2.2.0.M3\spring-cloud-commons-2.2.0.M3.jar;D:\Dev\projets\.m2\org\springframework\cloud\spring-cloud-context\2.2.0.M3\spring-cloud-context-2.2.0.M3.jar;D:\Dev\projets\.m2\org\springframework\spring-web\5.2.0.RELEASE\spring-web-5.2.0.RELEASE.jar;D:\Dev\projets\.m2\org\springframework\spring-beans\5.2.0.RELEASE\spring-beans-5.2.0.RELEASE.jar;D:\Dev\projets\.m2\com\fasterxml\jackson\core\jackson-annotations\2.10.0\jackson-annotations-2.10.0.jar;D:\Dev\projets\.m2\com\fasterxml\jackson\core\jackson-databind\2.10.0\jackson-databind-2.10.0.jar;D:\Dev\projets\.m2\com\fasterxml\jackson\core\jackson-core\2.10.0\jackson-core-2.10.0.jar;D:\Dev\projets\.m2\org\springframework\boot\spring-boot-starter-actuator\2.2.0.RELEASE\spring-boot-starter-actuator-2.2.0.RELEASE.jar;D:\Dev\projets\.m2\org\springframework\boot\spring-boot-actuator-autoconfigure\2.2.0.RELEASE\spring-boot-actuator-autoconfigure-2.2.0.RELEASE.jar;D:\Dev\projets\.m2\org\springframework\boot\spring-boot-actuator\2.2.0.RELEASE\spring-boot-actuator-2.2.0.RELEASE.jar;D:\Dev\projets\.m2\com\fasterxml\jackson\datatype\jackson-datatype-jsr310\2.10.0\jackson-datatype-jsr310-2.10.0.jar;D:\Dev\projets\.m2\io\micrometer\micrometer-core\1.3.0\micrometer-core-1.3.0.jar;D:\Dev\projets\.m2\org\hdrhistogram\HdrHistogram\2.1.11\HdrHistogram-2.1.11.jar;D:\Dev\projets\.m2\org\latencyutils\LatencyUtils\2.0.3\LatencyUtils-2.0.3.jar;D:\Dev\projets\.m2\org\springframework\boot\spring-boot-starter-web\2.2.0.RELEASE\spring-boot-starter-web-2.2.0.RELEASE.jar;D:\Dev\projets\.m2\org\springframework\boot\spring-boot-starter-json\2.2.0.RELEASE\spring-boot-starter-json-2.2.0.RELEASE.jar;D:\Dev\projets\.m2\com\fasterxml\jackson\datatype\jackson-datatype-jdk8\2.10.0\jackson-datatype-jdk8-2.10.0.jar;D:\Dev\projets\.m2\com\fasterxml\jackson\module\jackson-module-parameter-names\2.10.0\jackson-module-parameter-names-2.10.0.jar;D:\Dev\projets\.m2\org\springframework\boot\spring-boot-starter-tomcat\2.2.0.RELEASE\spring-boot-starter-tomcat-2.2.0.RELEASE.jar;D:\Dev\projets\.m2\org\apache\tomcat\embed\tomcat-embed-core\9.0.27\tomcat-embed-core-9.0.27.jar;D:\Dev\projets\.m2\org\apache\tomcat\embed\tomcat-embed-el\9.0.27\tomcat-embed-el-9.0.27.jar;D:\Dev\projets\.m2\org\apache\tomcat\embed\tomcat-embed-websocket\9.0.27\tomcat-embed-websocket-9.0.27.jar;D:\Dev\projets\.m2\org\springframework\boot\spring-boot-starter-validation\2.2.0.RELEASE\spring-boot-starter-validation-2.2.0.RELEASE.jar;D:\Dev\projets\.m2\jakarta\validation\jakarta.validation-api\2.0.1\jakarta.validation-api-2.0.1.jar;D:\Dev\projets\.m2\org\hibernate\validator\hibernate-validator\6.0.17.Final\hibernate-validator-6.0.17.Final.jar;D:\Dev\projets\.m2\org\jboss\logging\jboss-logging\3.4.1.Final\jboss-logging-3.4.1.Final.jar;D:\Dev\projets\.m2\com\fasterxml\classmate\1.5.0\classmate-1.5.0.jar;D:\Dev\projets\.m2\org\springframework\spring-webmvc\5.2.0.RELEASE\spring-webmvc-5.2.0.RELEASE.jar;D:\Dev\projets\.m2\org\springframework\spring-aop\5.2.0.RELEASE\spring-aop-5.2.0.RELEASE.jar;D:\Dev\projets\.m2\org\springframework\spring-expression\5.2.0.RELEASE\spring-expression-5.2.0.RELEASE.jar;D:\Dev\projets\.m2\org\springframework\security\spring-security-crypto\5.2.0.RELEASE\spring-security-crypto-5.2.0.RELEASE.jar;D:\Dev\projets\.m2\org\springframework\security\spring-security-rsa\1.0.7.RELEASE\spring-security-rsa-1.0.7.RELEASE.jar;D:\Dev\projets\.m2\org\bouncycastle\bcpkix-jdk15on\1.60\bcpkix-jdk15on-1.60.jar;D:\Dev\projets\.m2\org\bouncycastle\bcprov-jdk15on\1.60\bcprov-jdk15on-1.60.jar;D:\Dev\projets\.m2\org\eclipse\jgit\org.eclipse.jgit\5.1.3.201810200350-r\org.eclipse.jgit-5.1.3.201810200350-r.jar;D:\Dev\projets\.m2\com\jcraft\jsch\0.1.54\jsch-0.1.54.jar;D:\Dev\projets\.m2\com\jcraft\jzlib\1.1.1\jzlib-1.1.1.jar;D:\Dev\projets\.m2\com\googlecode\javaewah\JavaEWAH\1.1.6\JavaEWAH-1.1.6.jar;D:\Dev\projets\.m2\org\slf4j\slf4j-api\1.7.28\slf4j-api-1.7.28.jar;D:\Dev\projets\.m2\org\eclipse\jgit\org.eclipse.jgit.http.apache\5.1.3.201810200350-r\org.eclipse.jgit.http.apache-5.1.3.201810200350-r.jar;D:\Dev\projets\.m2\org\apache\httpcomponents\httpclient\4.5.10\httpclient-4.5.10.jar;D:\Dev\projets\.m2\commons-codec\commons-codec\1.13\commons-codec-1.13.jar;D:\Dev\projets\.m2\org\apache\httpcomponents\httpcore\4.4.12\httpcore-4.4.12.jar;D:\Dev\projets\.m2\org\yaml\snakeyaml\1.25\snakeyaml-1.25.jar;D:\Dev\projets\.m2\org\springframework\boot\spring-boot-devtools\2.2.0.RELEASE\spring-boot-devtools-2.2.0.RELEASE.jar;D:\Dev\projets\.m2\org\springframework\boot\spring-boot\2.2.0.RELEASE\spring-boot-2.2.0.RELEASE.jar;D:\Dev\projets\.m2\org\springframework\spring-context\5.2.0.RELEASE\spring-context-5.2.0.RELEASE.jar;D:\Dev\projets\.m2\org\springframework\boot\spring-boot-autoconfigure\2.2.0.RELEASE\spring-boot-autoconfigure-2.2.0.RELEASE.jar;D:\Dev\projets\.m2\org\springframework\boot\spring-boot-starter-test\2.2.0.RELEASE\spring-boot-starter-test-2.2.0.RELEASE.jar;D:\Dev\projets\.m2\org\springframework\boot\spring-boot-starter\2.2.0.RELEASE\spring-boot-starter-2.2.0.RELEASE.jar;D:\Dev\projets\.m2\org\springframework\boot\spring-boot-starter-logging\2.2.0.RELEASE\spring-boot-starter-logging-2.2.0.RELEASE.jar;D:\Dev\projets\.m2\ch\qos\logback\logback-classic\1.2.3\logback-classic-1.2.3.jar;D:\Dev\projets\.m2\ch\qos\logback\logback-core\1.2.3\logback-core-1.2.3.jar;D:\Dev\projets\.m2\org\apache\logging\log4j\log4j-to-slf4j\2.12.1\log4j-to-slf4j-2.12.1.jar;D:\Dev\projets\.m2\org\apache\logging\log4j\log4j-api\2.12.1\log4j-api-2.12.1.jar;D:\Dev\projets\.m2\org\slf4j\jul-to-slf4j\1.7.28\jul-to-slf4j-1.7.28.jar;D:\Dev\projets\.m2\jakarta\annotation\jakarta.annotation-api\1.3.5\jakarta.annotation-api-1.3.5.jar;D:\Dev\projets\.m2\org\springframework\boot\spring-boot-test\2.2.0.RELEASE\spring-boot-test-2.2.0.RELEASE.jar;D:\Dev\projets\.m2\org\springframework\boot\spring-boot-test-autoconfigure\2.2.0.RELEASE\spring-boot-test-autoconfigure-2.2.0.RELEASE.jar;D:\Dev\projets\.m2\com\jayway\jsonpath\json-path\2.4.0\json-path-2.4.0.jar;D:\Dev\projets\.m2\net\minidev\json-smart\2.3\json-smart-2.3.jar;D:\Dev\projets\.m2\net\minidev\accessors-smart\1.2\accessors-smart-1.2.jar;D:\Dev\projets\.m2\org\ow2\asm\asm\5.0.4\asm-5.0.4.jar;D:\Dev\projets\.m2\jakarta\xml\bind\jakarta.xml.bind-api\2.3.2\jakarta.xml.bind-api-2.3.2.jar;D:\Dev\projets\.m2\jakarta\activation\jakarta.activation-api\1.2.1\jakarta.activation-api-1.2.1.jar;D:\Dev\projets\.m2\org\junit\jupiter\junit-jupiter\5.5.2\junit-jupiter-5.5.2.jar;D:\Dev\projets\.m2\org\junit\jupiter\junit-jupiter-api\5.5.2\junit-jupiter-api-5.5.2.jar;D:\Dev\projets\.m2\org\apiguardian\apiguardian-api\1.1.0\apiguardian-api-1.1.0.jar;D:\Dev\projets\.m2\org\opentest4j\opentest4j\1.2.0\opentest4j-1.2.0.jar;D:\Dev\projets\.m2\org\junit\platform\junit-platform-commons\1.5.2\junit-platform-commons-1.5.2.jar;D:\Dev\projets\.m2\org\junit\jupiter\junit-jupiter-params\5.5.2\junit-jupiter-params-5.5.2.jar;D:\Dev\projets\.m2\org\junit\jupiter\junit-jupiter-engine\5.5.2\junit-jupiter-engine-5.5.2.jar;D:\Dev\projets\.m2\org\junit\platform\junit-platform-engine\1.5.2\junit-platform-engine-1.5.2.jar;D:\Dev\projets\.m2\org\mockito\mockito-junit-jupiter\3.1.0\mockito-junit-jupiter-3.1.0.jar;D:\Dev\projets\.m2\org\assertj\assertj-core\3.13.2\assertj-core-3.13.2.jar;D:\Dev\projets\.m2\org\hamcrest\hamcrest\2.1\hamcrest-2.1.jar;D:\Dev\projets\.m2\org\mockito\mockito-core\3.1.0\mockito-core-3.1.0.jar;D:\Dev\projets\.m2\net\bytebuddy\byte-buddy\1.10.1\byte-buddy-1.10.1.jar;D:\Dev\projets\.m2\net\bytebuddy\byte-buddy-agent\1.10.1\byte-buddy-agent-1.10.1.jar;D:\Dev\projets\.m2\org\objenesis\objenesis\2.6\objenesis-2.6.jar;D:\Dev\projets\.m2\org\skyscreamer\jsonassert\1.5.0\jsonassert-1.5.0.jar;D:\Dev\projets\.m2\com\vaadin\external\google\android-json\0.0.20131108.vaadin1\android-json-0.0.20131108.vaadin1.jar;D:\Dev\projets\.m2\org\springframework\spring-core\5.2.0.RELEASE\spring-core-5.2.0.RELEASE.jar;D:\Dev\projets\.m2\org\springframework\spring-jcl\5.2.0.RELEASE\spring-jcl-5.2.0.RELEASE.jar;D:\Dev\projets\.m2\org\springframework\spring-test\5.2.0.RELEASE\spring-test-5.2.0.RELEASE.jar;D:\Dev\projets\.m2\org\xmlunit\xmlunit-core\2.6.3\xmlunit-core-2.6.3.jar;"/>
    <property name="java.vm.vendor" value="Oracle Corporation"/>
    <property name="sun.arch.data.model" value="64"/>
    <property name="user.variant" value=""/>
    <property name="java.vendor.url" value="https://java.oracle.com/"/>
    <property name="user.timezone" value="Europe/Paris"/>
    <property name="os.name" value="Windows 10"/>
    <property name="java.vm.specification.version" value="12"/>
    <property name="sun.java.launcher" value="SUN_STANDARD"/>
    <property name="user.country" value="FR"/>
    <property name="sun.boot.library.path" value="D:\Dev\outils\java\jdk-12.0.1\bin"/>
    <property name="sun.java.command" value="C:\Users\matju\AppData\Local\Temp\surefire10406750429092615759\surefirebooter14545397984696367015.jar C:\Users\matju\AppData\Local\Temp\surefire10406750429092615759 2019-10-20T13-34-04_187-jvmRun1 surefire9096960731011723817tmp surefire_02855057962142458344tmp"/>
    <property name="jdk.debug" value="release"/>
    <property name="surefire.test.class.path" value="D:\Dev\projets\myshop\myshop-config-server\target\test-classes;D:\Dev\projets\myshop\myshop-config-server\target\classes;D:\Dev\projets\.m2\org\springframework\cloud\spring-cloud-config-server\2.2.0.M3\spring-cloud-config-server-2.2.0.M3.jar;D:\Dev\projets\.m2\org\springframework\cloud\spring-cloud-config-client\2.2.0.M3\spring-cloud-config-client-2.2.0.M3.jar;D:\Dev\projets\.m2\org\springframework\cloud\spring-cloud-commons\2.2.0.M3\spring-cloud-commons-2.2.0.M3.jar;D:\Dev\projets\.m2\org\springframework\cloud\spring-cloud-context\2.2.0.M3\spring-cloud-context-2.2.0.M3.jar;D:\Dev\projets\.m2\org\springframework\spring-web\5.2.0.RELEASE\spring-web-5.2.0.RELEASE.jar;D:\Dev\projets\.m2\org\springframework\spring-beans\5.2.0.RELEASE\spring-beans-5.2.0.RELEASE.jar;D:\Dev\projets\.m2\com\fasterxml\jackson\core\jackson-annotations\2.10.0\jackson-annotations-2.10.0.jar;D:\Dev\projets\.m2\com\fasterxml\jackson\core\jackson-databind\2.10.0\jackson-databind-2.10.0.jar;D:\Dev\projets\.m2\com\fasterxml\jackson\core\jackson-core\2.10.0\jackson-core-2.10.0.jar;D:\Dev\projets\.m2\org\springframework\boot\spring-boot-starter-actuator\2.2.0.RELEASE\spring-boot-starter-actuator-2.2.0.RELEASE.jar;D:\Dev\projets\.m2\org\springframework\boot\spring-boot-actuator-autoconfigure\2.2.0.RELEASE\spring-boot-actuator-autoconfigure-2.2.0.RELEASE.jar;D:\Dev\projets\.m2\org\springframework\boot\spring-boot-actuator\2.2.0.RELEASE\spring-boot-actuator-2.2.0.RELEASE.jar;D:\Dev\projets\.m2\com\fasterxml\jackson\datatype\jackson-datatype-jsr310\2.10.0\jackson-datatype-jsr310-2.10.0.jar;D:\Dev\projets\.m2\io\micrometer\micrometer-core\1.3.0\micrometer-core-1.3.0.jar;D:\Dev\projets\.m2\org\hdrhistogram\HdrHistogram\2.1.11\HdrHistogram-2.1.11.jar;D:\Dev\projets\.m2\org\latencyutils\LatencyUtils\2.0.3\LatencyUtils-2.0.3.jar;D:\Dev\projets\.m2\org\springframework\boot\spring-boot-starter-web\2.2.0.RELEASE\spring-boot-starter-web-2.2.0.RELEASE.jar;D:\Dev\projets\.m2\org\springframework\boot\spring-boot-starter-json\2.2.0.RELEASE\spring-boot-starter-json-2.2.0.RELEASE.jar;D:\Dev\projets\.m2\com\fasterxml\jackson\datatype\jackson-datatype-jdk8\2.10.0\jackson-datatype-jdk8-2.10.0.jar;D:\Dev\projets\.m2\com\fasterxml\jackson\module\jackson-module-parameter-names\2.10.0\jackson-module-parameter-names-2.10.0.jar;D:\Dev\projets\.m2\org\springframework\boot\spring-boot-starter-tomcat\2.2.0.RELEASE\spring-boot-starter-tomcat-2.2.0.RELEASE.jar;D:\Dev\projets\.m2\org\apache\tomcat\embed\tomcat-embed-core\9.0.27\tomcat-embed-core-9.0.27.jar;D:\Dev\projets\.m2\org\apache\tomcat\embed\tomcat-embed-el\9.0.27\tomcat-embed-el-9.0.27.jar;D:\Dev\projets\.m2\org\apache\tomcat\embed\tomcat-embed-websocket\9.0.27\tomcat-embed-websocket-9.0.27.jar;D:\Dev\projets\.m2\org\springframework\boot\spring-boot-starter-validation\2.2.0.RELEASE\spring-boot-starter-validation-2.2.0.RELEASE.jar;D:\Dev\projets\.m2\jakarta\validation\jakarta.validation-api\2.0.1\jakarta.validation-api-2.0.1.jar;D:\Dev\projets\.m2\org\hibernate\validator\hibernate-validator\6.0.17.Final\hibernate-validator-6.0.17.Final.jar;D:\Dev\projets\.m2\org\jboss\logging\jboss-logging\3.4.1.Final\jboss-logging-3.4.1.Final.jar;D:\Dev\projets\.m2\com\fasterxml\classmate\1.5.0\classmate-1.5.0.jar;D:\Dev\projets\.m2\org\springframework\spring-webmvc\5.2.0.RELEASE\spring-webmvc-5.2.0.RELEASE.jar;D:\Dev\projets\.m2\org\springframework\spring-aop\5.2.0.RELEASE\spring-aop-5.2.0.RELEASE.jar;D:\Dev\projets\.m2\org\springframework\spring-expression\5.2.0.RELEASE\spring-expression-5.2.0.RELEASE.jar;D:\Dev\projets\.m2\org\springframework\security\spring-security-crypto\5.2.0.RELEASE\spring-security-crypto-5.2.0.RELEASE.jar;D:\Dev\projets\.m2\org\springframework\security\spring-security-rsa\1.0.7.RELEASE\spring-security-rsa-1.0.7.RELEASE.jar;D:\Dev\projets\.m2\org\bouncycastle\bcpkix-jdk15on\1.60\bcpkix-jdk15on-1.60.jar;D:\Dev\projets\.m2\org\bouncycastle\bcprov-jdk15on\1.60\bcprov-jdk15on-1.60.jar;D:\Dev\projets\.m2\org\eclipse\jgit\org.eclipse.jgit\5.1.3.201810200350-r\org.eclipse.jgit-5.1.3.201810200350-r.jar;D:\Dev\projets\.m2\com\jcraft\jsch\0.1.54\jsch-0.1.54.jar;D:\Dev\projets\.m2\com\jcraft\jzlib\1.1.1\jzlib-1.1.1.jar;D:\Dev\projets\.m2\com\googlecode\javaewah\JavaEWAH\1.1.6\JavaEWAH-1.1.6.jar;D:\Dev\projets\.m2\org\slf4j\slf4j-api\1.7.28\slf4j-api-1.7.28.jar;D:\Dev\projets\.m2\org\eclipse\jgit\org.eclipse.jgit.http.apache\5.1.3.201810200350-r\org.eclipse.jgit.http.apache-5.1.3.201810200350-r.jar;D:\Dev\projets\.m2\org\apache\httpcomponents\httpclient\4.5.10\httpclient-4.5.10.jar;D:\Dev\projets\.m2\commons-codec\commons-codec\1.13\commons-codec-1.13.jar;D:\Dev\projets\.m2\org\apache\httpcomponents\httpcore\4.4.12\httpcore-4.4.12.jar;D:\Dev\projets\.m2\org\yaml\snakeyaml\1.25\snakeyaml-1.25.jar;D:\Dev\projets\.m2\org\springframework\boot\spring-boot-devtools\2.2.0.RELEASE\spring-boot-devtools-2.2.0.RELEASE.jar;D:\Dev\projets\.m2\org\springframework\boot\spring-boot\2.2.0.RELEASE\spring-boot-2.2.0.RELEASE.jar;D:\Dev\projets\.m2\org\springframework\spring-context\5.2.0.RELEASE\spring-context-5.2.0.RELEASE.jar;D:\Dev\projets\.m2\org\springframework\boot\spring-boot-autoconfigure\2.2.0.RELEASE\spring-boot-autoconfigure-2.2.0.RELEASE.jar;D:\Dev\projets\.m2\org\springframework\boot\spring-boot-starter-test\2.2.0.RELEASE\spring-boot-starter-test-2.2.0.RELEASE.jar;D:\Dev\projets\.m2\org\springframework\boot\spring-boot-starter\2.2.0.RELEASE\spring-boot-starter-2.2.0.RELEASE.jar;D:\Dev\projets\.m2\org\springframework\boot\spring-boot-starter-logging\2.2.0.RELEASE\spring-boot-starter-logging-2.2.0.RELEASE.jar;D:\Dev\projets\.m2\ch\qos\logback\logback-classic\1.2.3\logback-classic-1.2.3.jar;D:\Dev\projets\.m2\ch\qos\logback\logback-core\1.2.3\logback-core-1.2.3.jar;D:\Dev\projets\.m2\org\apache\logging\log4j\log4j-to-slf4j\2.12.1\log4j-to-slf4j-2.12.1.jar;D:\Dev\projets\.m2\org\apache\logging\log4j\log4j-api\2.12.1\log4j-api-2.12.1.jar;D:\Dev\projets\.m2\org\slf4j\jul-to-slf4j\1.7.28\jul-to-slf4j-1.7.28.jar;D:\Dev\projets\.m2\jakarta\annotation\jakarta.annotation-api\1.3.5\jakarta.annotation-api-1.3.5.jar;D:\Dev\projets\.m2\org\springframework\boot\spring-boot-test\2.2.0.RELEASE\spring-boot-test-2.2.0.RELEASE.jar;D:\Dev\projets\.m2\org\springframework\boot\spring-boot-test-autoconfigure\2.2.0.RELEASE\spring-boot-test-autoconfigure-2.2.0.RELEASE.jar;D:\Dev\projets\.m2\com\jayway\jsonpath\json-path\2.4.0\json-path-2.4.0.jar;D:\Dev\projets\.m2\net\minidev\json-smart\2.3\json-smart-2.3.jar;D:\Dev\projets\.m2\net\minidev\accessors-smart\1.2\accessors-smart-1.2.jar;D:\Dev\projets\.m2\org\ow2\asm\asm\5.0.4\asm-5.0.4.jar;D:\Dev\projets\.m2\jakarta\xml\bind\jakarta.xml.bind-api\2.3.2\jakarta.xml.bind-api-2.3.2.jar;D:\Dev\projets\.m2\jakarta\activation\jakarta.activation-api\1.2.1\jakarta.activation-api-1.2.1.jar;D:\Dev\projets\.m2\org\junit\jupiter\junit-jupiter\5.5.2\junit-jupiter-5.5.2.jar;D:\Dev\projets\.m2\org\junit\jupiter\junit-jupiter-api\5.5.2\junit-jupiter-api-5.5.2.jar;D:\Dev\projets\.m2\org\apiguardian\apiguardian-api\1.1.0\apiguardian-api-1.1.0.jar;D:\Dev\projets\.m2\org\opentest4j\opentest4j\1.2.0\opentest4j-1.2.0.jar;D:\Dev\projets\.m2\org\junit\platform\junit-platform-commons\1.5.2\junit-platform-commons-1.5.2.jar;D:\Dev\projets\.m2\org\junit\jupiter\junit-jupiter-params\5.5.2\junit-jupiter-params-5.5.2.jar;D:\Dev\projets\.m2\org\junit\jupiter\junit-jupiter-engine\5.5.2\junit-jupiter-engine-5.5.2.jar;D:\Dev\projets\.m2\org\junit\platform\junit-platform-engine\1.5.2\junit-platform-engine-1.5.2.jar;D:\Dev\projets\.m2\org\mockito\mockito-junit-jupiter\3.1.0\mockito-junit-jupiter-3.1.0.jar;D:\Dev\projets\.m2\org\assertj\assertj-core\3.13.2\assertj-core-3.13.2.jar;D:\Dev\projets\.m2\org\hamcrest\hamcrest\2.1\hamcrest-2.1.jar;D:\Dev\projets\.m2\org\mockito\mockito-core\3.1.0\mockito-core-3.1.0.jar;D:\Dev\projets\.m2\net\bytebuddy\byte-buddy\1.10.1\byte-buddy-1.10.1.jar;D:\Dev\projets\.m2\net\bytebuddy\byte-buddy-agent\1.10.1\byte-buddy-agent-1.10.1.jar;D:\Dev\projets\.m2\org\objenesis\objenesis\2.6\objenesis-2.6.jar;D:\Dev\projets\.m2\org\skyscreamer\jsonassert\1.5.0\jsonassert-1.5.0.jar;D:\Dev\projets\.m2\com\vaadin\external\google\android-json\0.0.20131108.vaadin1\android-json-0.0.20131108.vaadin1.jar;D:\Dev\projets\.m2\org\springframework\spring-core\5.2.0.RELEASE\spring-core-5.2.0.RELEASE.jar;D:\Dev\projets\.m2\org\springframework\spring-jcl\5.2.0.RELEASE\spring-jcl-5.2.0.RELEASE.jar;D:\Dev\projets\.m2\org\springframework\spring-test\5.2.0.RELEASE\spring-test-5.2.0.RELEASE.jar;D:\Dev\projets\.m2\org\xmlunit\xmlunit-core\2.6.3\xmlunit-core-2.6.3.jar;"/>
    <property name="sun.cpu.endian" value="little"/>
    <property name="user.home" value="C:\Users\matju"/>
    <property name="user.language" value="fr"/>
    <property name="java.specification.vendor" value="Oracle Corporation"/>
    <property name="java.version.date" value="2019-04-16"/>
    <property name="java.home" value="D:\Dev\outils\java\jdk-12.0.1"/>
    <property name="file.separator" value="\"/>
    <property name="basedir" value="D:\Dev\projets\myshop\myshop-config-server"/>
    <property name="java.vm.compressedOopsMode" value="32-bit"/>
    <property name="line.separator" value="&#10;"/>
    <property name="java.vm.specification.vendor" value="Oracle Corporation"/>
    <property name="java.specification.name" value="Java Platform API Specification"/>
    <property name="java.awt.graphicsenv" value="sun.awt.Win32GraphicsEnvironment"/>
    <property name="surefire.real.class.path" value="C:\Users\matju\AppData\Local\Temp\surefire10406750429092615759\surefirebooter14545397984696367015.jar"/>
    <property name="user.script" value=""/>
    <property name="sun.management.compiler" value="HotSpot 64-Bit Tiered Compilers"/>
    <property name="java.runtime.version" value="12.0.1+12"/>
    <property name="user.name" value="matju"/>
    <property name="path.separator" value=";"/>
    <property name="os.version" value="10.0"/>
    <property name="java.runtime.name" value="Java(TM) SE Runtime Environment"/>
    <property name="file.encoding" value="Cp1252"/>
    <property name="java.vm.name" value="Java HotSpot(TM) 64-Bit Server VM"/>
    <property name="localRepository" value="D:\Dev\projets\.m2"/>
    <property name="java.vendor.url.bug" value="https://bugreport.java.com/bugreport/"/>
    <property name="java.io.tmpdir" value="C:\Users\matju\AppData\Local\Temp\"/>
    <property name="java.version" value="12.0.1"/>
    <property name="user.dir" value="D:\Dev\projets\myshop\myshop-config-server"/>
    <property name="os.arch" value="amd64"/>
    <property name="java.vm.specification.name" value="Java Virtual Machine Specification"/>
    <property name="sun.os.patch.level" value=""/>
    <property name="java.library.path" value="D:\Dev\outils\java\jdk-12.0.1\bin;C:\Windows\Sun\Java\bin;C:\Windows\system32;C:\Windows;D:/Dev/outils/java/jdk-12.0.1/bin/server;D:/Dev/outils/java/jdk-12.0.1/bin;C:\Windows\system32;C:\Windows;C:\Windows\System32\Wbem;C:\Windows\System32\WindowsPowerShell\v1.0\;C:\Windows\System32\OpenSSH\;C:\Program Files\Intel\WiFi\bin\;C:\Program Files\Common Files\Intel\WirelessCommon\;MAVEN_HOME;C:\Program Files\Java\jdk-12.0.1\bin;C:\Softs\nodejs\;C:\Softs\Git\cmd;C:\Softs\Kubernetes;C:\Softs\Kubernetes\Minikube;C:\Users\matju\AppData\Local\Microsoft\WindowsApps;C:\Users\matju\AppData\Roaming\npm;C:\Softs\Docker Toolbox;C:\Softs\Microsoft VS Code\bin;C:\Users\matju\OneDrive\Bureau;;."/>
    <property name="java.vm.info" value="mixed mode, sharing"/>
    <property name="java.vendor" value="Oracle Corporation"/>
    <property name="java.vm.version" value="12.0.1+12"/>
    <property name="sun.io.unicode.encoding" value="UnicodeLittle"/>
    <property name="java.class.version" value="56.0"/>
  </properties>
  <testcase name="contextLoads" classname="com.myshop.configserver.myshopconfigserver.MyshopConfigServerApplicationTests" time="0.375"/>
</testsuite>